2018-06-07 17:56:15 192.168.3.113 Mozilla/5.0 (Windows NT 6.1; Win64; x64) AppleWebKit/537.36 (KHTML, like Gecko) Chrome/66.0.3359.181 Safari/537.36
GET gongfuyu.picp.net:19284/orderorange/www/php/getreceipts.php?shop_id=15774639
decode get:Array
(
    [shop_id] => 15774639
)

2018-06-07 17:56:27 192.168.3.113 Mozilla/5.0 (Windows NT 6.1; WOW64) AppleWebKit/537.36 (KHTML, like Gecko) Chrome/63.0.3239.132 Safari/537.36
GET gongfuyu.picp.net:19284/orderorange/www/php/getreceipts.php?shop_id=15774639
decode get:Array
(
    [shop_id] => 15774639
)

2018-06-08 11:49:10 192.168.3.113 Mozilla/5.0 (Windows NT 6.1; WOW64) AppleWebKit/537.36 (KHTML, like Gecko) Chrome/55.0.2883.87 UBrowser/6.2.3964.2 Safari/537.36
GET gongfuyu.picp.net:19284/orderorange/www/php/getreceipts.php?user_id=120925109&shop_id=15774639
decode get:Array
(
    [user_id] => 120925109
    [shop_id] => 15774639
)

2018-06-21 15:34:47 127.0.0.1 Mozilla/5.0 (Windows NT 6.1; Win64; x64) AppleWebKit/537.36 (KHTML, like Gecko) Chrome/63.0.3239.132 Safari/537.36
GET dev.demo.com/php/getreceipts.php?user_id=63697032&shop_id=10900038
decode get:Array
(
    [user_id] => 63697032
    [shop_id] => 10900038
)

2018-06-22 16:00:51 127.0.0.1 Mozilla/5.0 (Windows NT 6.1; Win64; x64) AppleWebKit/537.36 (KHTML, like Gecko) Chrome/63.0.3239.132 Safari/537.36
GET dev.demo.com/php/getreceipts.php?user_id=63697032&shop_id=10900038
decode get:Array
(
    [user_id] => 63697032
    [shop_id] => 10900038
)

