2018-06-21 11:19:15
request: POST https://openapi.etsy.com/v2/oauth/request_token
array (
  'Authorization' => 'Authorization: OAuth oauth_callback="http%3A%2F%2Fdev.demo.com%2Fphp%2Fuserlogin.php%3Fgo%3Dgo", oauth_consumer_key="ykihtvlafl8fenj3di84hmtg", oauth_nonce="k2YSL6nuBpkCcMjy7TONhLo9J4JrpoLy", oauth_signature_method="HMAC-SHA1", oauth_timestamp="1529551154", oauth_version="1.0", oauth_signature="AxToG8a9Pv9dofoHxP4T1KDmYNA%3D"',
  'Content-Type' => 'Content-Type: application/x-www-form-urlencoded',
  'Host' => 'Host: openapi.etsy.com',
  'Connection' => 'Connection: close',
)
return: 'login_url=https%3A%2F%2Fwww.etsy.com%2Foauth%2Fsignin%3Foauth_consumer_key%3Dykihtvlafl8fenj3di84hmtg%26oauth_token%3D233b1823aa3f97e0b19ae8fec287ea%26service%3Dv2_prod&oauth_token=233b1823aa3f97e0b19ae8fec287ea&oauth_token_secret=696e25f6ed&oauth_callback_confirmed=true&oauth_consumer_key=ykihtvlafl8fenj3di84hmtg&oauth_callback=http%3A%2F%2Fdev.demo.com%2Fphp%2Fuserlogin.php%3Fgo%3Dgo'

2018-06-21 11:19:28
request: POST https://openapi.etsy.com/v2/oauth/request_token
array (
  'Authorization' => 'Authorization: OAuth oauth_callback="http%3A%2F%2Fdev.demo.com%2Fphp%2Fuserlogin.php%3Fgo%3Dgo", oauth_consumer_key="ykihtvlafl8fenj3di84hmtg", oauth_nonce="Avn8ufNQCX18jPs6YgqLI99HLM0TfE8U", oauth_signature_method="HMAC-SHA1", oauth_timestamp="1529551167", oauth_version="1.0", oauth_signature="nbTPDvtD6Zfe4Z%2BK9GVLtncApoE%3D"',
  'Content-Type' => 'Content-Type: application/x-www-form-urlencoded',
  'Host' => 'Host: openapi.etsy.com',
  'Connection' => 'Connection: close',
)
return: 'login_url=https%3A%2F%2Fwww.etsy.com%2Foauth%2Fsignin%3Foauth_consumer_key%3Dykihtvlafl8fenj3di84hmtg%26oauth_token%3D6ab4eeb4cf83b3f90bdd09d614b7cb%26service%3Dv2_prod&oauth_token=6ab4eeb4cf83b3f90bdd09d614b7cb&oauth_token_secret=f1452cb78d&oauth_callback_confirmed=true&oauth_consumer_key=ykihtvlafl8fenj3di84hmtg&oauth_callback=http%3A%2F%2Fdev.demo.com%2Fphp%2Fuserlogin.php%3Fgo%3Dgo'

2018-06-21 11:19:51
request: POST https://openapi.etsy.com/v2/oauth/request_token
array (
  'Authorization' => 'Authorization: OAuth oauth_callback="http%3A%2F%2Fdev.demo.com%2Fphp%2Fuserlogin.php%3Fgo%3Dgo", oauth_consumer_key="ykihtvlafl8fenj3di84hmtg", oauth_nonce="LHehy9KrrDIqnQdeRaEk5DReWKToTneu", oauth_signature_method="HMAC-SHA1", oauth_timestamp="1529551191", oauth_version="1.0", oauth_signature="VXcD3Q01ha1BC03fotCD1RTjS24%3D"',
  'Content-Type' => 'Content-Type: application/x-www-form-urlencoded',
  'Host' => 'Host: openapi.etsy.com',
  'Connection' => 'Connection: close',
)
return: 'login_url=https%3A%2F%2Fwww.etsy.com%2Foauth%2Fsignin%3Foauth_consumer_key%3Dykihtvlafl8fenj3di84hmtg%26oauth_token%3D4cc8d1b06fa40b0abef76b46aff3bc%26service%3Dv2_prod&oauth_token=4cc8d1b06fa40b0abef76b46aff3bc&oauth_token_secret=72a99baff8&oauth_callback_confirmed=true&oauth_consumer_key=ykihtvlafl8fenj3di84hmtg&oauth_callback=http%3A%2F%2Fdev.demo.com%2Fphp%2Fuserlogin.php%3Fgo%3Dgo'

2018-06-21 11:46:32
request: POST https://openapi.etsy.com/v2/oauth/request_token
array (
  'Authorization' => 'Authorization: OAuth oauth_callback="http%3A%2F%2Fdev.demo.com%2Fphp%2Fuserlogin.php%3Fgo%3Dgo", oauth_consumer_key="ykihtvlafl8fenj3di84hmtg", oauth_nonce="hg3CKLNPzJQ2LNXcy27oAxjXSJrD1Sci", oauth_signature_method="HMAC-SHA1", oauth_timestamp="1529552789", oauth_version="1.0", oauth_signature="mwYEYZzk%2BiuMYUhpDmOGxzY8ACc%3D"',
  'Content-Type' => 'Content-Type: application/x-www-form-urlencoded',
  'Host' => 'Host: openapi.etsy.com',
  'Connection' => 'Connection: close',
)
return: 'login_url=https%3A%2F%2Fwww.etsy.com%2Foauth%2Fsignin%3Foauth_consumer_key%3Dykihtvlafl8fenj3di84hmtg%26oauth_token%3Ddbc73d000d4bed0cab06a6a2b6a2ff%26service%3Dv2_prod&oauth_token=dbc73d000d4bed0cab06a6a2b6a2ff&oauth_token_secret=b95b8fa1e1&oauth_callback_confirmed=true&oauth_consumer_key=ykihtvlafl8fenj3di84hmtg&oauth_callback=http%3A%2F%2Fdev.demo.com%2Fphp%2Fuserlogin.php%3Fgo%3Dgo'

2018-06-21 11:46:41
request: POST https://openapi.etsy.com/v2/oauth/request_token
array (
  'Authorization' => 'Authorization: OAuth oauth_callback="http%3A%2F%2Fdev.demo.com%2Fphp%2Fuserlogin.php%3Fgo%3Dgo", oauth_consumer_key="ykihtvlafl8fenj3di84hmtg", oauth_nonce="FB0lX26wG0khVaAe6oG5Xk1rIKSWqdCZ", oauth_signature_method="HMAC-SHA1", oauth_timestamp="1529552800", oauth_version="1.0", oauth_signature="E7nak0%2BtXzO4GHtyWnU%2B9iomgsw%3D"',
  'Content-Type' => 'Content-Type: application/x-www-form-urlencoded',
  'Host' => 'Host: openapi.etsy.com',
  'Connection' => 'Connection: close',
)
return: 'login_url=https%3A%2F%2Fwww.etsy.com%2Foauth%2Fsignin%3Foauth_consumer_key%3Dykihtvlafl8fenj3di84hmtg%26oauth_token%3D4c97a361fd7ad80cd8619a1f424512%26service%3Dv2_prod&oauth_token=4c97a361fd7ad80cd8619a1f424512&oauth_token_secret=0332f2c859&oauth_callback_confirmed=true&oauth_consumer_key=ykihtvlafl8fenj3di84hmtg&oauth_callback=http%3A%2F%2Fdev.demo.com%2Fphp%2Fuserlogin.php%3Fgo%3Dgo'

2018-06-21 13:33:23
request: POST https://openapi.etsy.com/v2/oauth/request_token
array (
  'Authorization' => 'Authorization: OAuth oauth_callback="http%3A%2F%2Fdev.demo.com%2Fphp%2Fuserlogin.php%3Fgo%3Dgo", oauth_consumer_key="ykihtvlafl8fenj3di84hmtg", oauth_nonce="dXFClltWBgumecVdxBL5MsDec2OCWwnO", oauth_signature_method="HMAC-SHA1", oauth_timestamp="1529559202", oauth_version="1.0", oauth_signature="xLuF%2BO07klYrSaF6r%2FpSBjwxpis%3D"',
  'Content-Type' => 'Content-Type: application/x-www-form-urlencoded',
  'Host' => 'Host: openapi.etsy.com',
  'Connection' => 'Connection: close',
)
return: 'login_url=https%3A%2F%2Fwww.etsy.com%2Foauth%2Fsignin%3Foauth_consumer_key%3Dykihtvlafl8fenj3di84hmtg%26oauth_token%3D8466417815a7538bccffdcee4e3c1d%26service%3Dv2_prod&oauth_token=8466417815a7538bccffdcee4e3c1d&oauth_token_secret=62609ba665&oauth_callback_confirmed=true&oauth_consumer_key=ykihtvlafl8fenj3di84hmtg&oauth_callback=http%3A%2F%2Fdev.demo.com%2Fphp%2Fuserlogin.php%3Fgo%3Dgo'

2018-06-21 15:12:08
request: POST https://openapi.etsy.com/v2/oauth/request_token
array (
  'Authorization' => 'Authorization: OAuth oauth_callback="http%3A%2F%2Fdev.demo.com%2Fphp%2Fuserlogin.php%3Fgo%3Dgo", oauth_consumer_key="ykihtvlafl8fenj3di84hmtg", oauth_nonce="borhCculDPNllJZNDOqY2JPaNQ2BEguT", oauth_signature_method="HMAC-SHA1", oauth_timestamp="1529565127", oauth_version="1.0", oauth_signature="MVQmaUPeMFppua6DZFZTaHnPKSg%3D"',
  'Content-Type' => 'Content-Type: application/x-www-form-urlencoded',
  'Host' => 'Host: openapi.etsy.com',
  'Connection' => 'Connection: close',
)
return: 'login_url=https%3A%2F%2Fwww.etsy.com%2Foauth%2Fsignin%3Foauth_consumer_key%3Dykihtvlafl8fenj3di84hmtg%26oauth_token%3De92915f1bb9b113f02d16e5f96df15%26service%3Dv2_prod&oauth_token=e92915f1bb9b113f02d16e5f96df15&oauth_token_secret=11d8764a89&oauth_callback_confirmed=true&oauth_consumer_key=ykihtvlafl8fenj3di84hmtg&oauth_callback=http%3A%2F%2Fdev.demo.com%2Fphp%2Fuserlogin.php%3Fgo%3Dgo'

2018-06-21 15:16:38
request: POST https://openapi.etsy.com/v2/oauth/request_token
array (
  'Authorization' => 'Authorization: OAuth oauth_callback="http%3A%2F%2Fdev.demo.com%2Fphp%2Fuserlogin.php%3Fgo%3Dgo", oauth_consumer_key="q7teqakic2d6sjpwr9c6", oauth_nonce="7Q447qxIPzASkJpwY9UGaFIduxDGKmcU", oauth_signature_method="HMAC-SHA1", oauth_timestamp="1529565395", oauth_version="1.0", oauth_signature="P0zi7l7t4iXl9Gi3n2J3H%2FsTNLw%3D"',
  'Content-Type' => 'Content-Type: application/x-www-form-urlencoded',
  'Host' => 'Host: openapi.etsy.com',
  'Connection' => 'Connection: close',
)
return: 'oauth_problem=consumer_key_unknown'

2018-06-21 15:17:10
request: POST https://openapi.etsy.com/v2/oauth/request_token
array (
  'Authorization' => 'Authorization: OAuth oauth_callback="http%3A%2F%2Fdev.demo.com%2Fphp%2Fuserlogin.php%3Fgo%3Dgo", oauth_consumer_key="q7teqakic2d6sjpwr9c6", oauth_nonce="WqwmDso5W3PbqVLQ86px9bFyOVmJ9gGd", oauth_signature_method="HMAC-SHA1", oauth_timestamp="1529565429", oauth_version="1.0", oauth_signature="vMLP0%2FzxkZSuNaCTrAw0RJpF5SQ%3D"',
  'Content-Type' => 'Content-Type: application/x-www-form-urlencoded',
  'Host' => 'Host: openapi.etsy.com',
  'Connection' => 'Connection: close',
)
return: 'oauth_problem=consumer_key_unknown'

2018-06-21 15:17:38
request: POST https://openapi.etsy.com/v2/oauth/request_token
array (
  'Authorization' => 'Authorization: OAuth oauth_callback="http%3A%2F%2Fdev.demo.com%2Fphp%2Fuserlogin.php%3Fgo%3Dgo", oauth_consumer_key="q7teqakic2d6sjpwr9c6", oauth_nonce="eMhaG8Olq6by81cGG45nJ8qeOa5m9avi", oauth_signature_method="HMAC-SHA1", oauth_timestamp="1529565457", oauth_version="1.0", oauth_signature="d5qYkdEuEEl9jsAEe8DdvumhFJM%3D"',
  'Content-Type' => 'Content-Type: application/x-www-form-urlencoded',
  'Host' => 'Host: openapi.etsy.com',
  'Connection' => 'Connection: close',
)
return: 'oauth_problem=consumer_key_unknown'

2018-06-21 15:18:09
request: POST https://openapi.etsy.com/v2/oauth/request_token
array (
  'Authorization' => 'Authorization: OAuth oauth_callback="http%3A%2F%2Fdev.demo.com%2Fphp%2Fuserlogin.php%3Fgo%3Dgo", oauth_consumer_key="ykihtvlafl8fenj3di84hmtg", oauth_nonce="H1a9nfuIU7KZBKJasUsNpmCCFS31Kl0Y", oauth_signature_method="HMAC-SHA1", oauth_timestamp="1529565487", oauth_version="1.0", oauth_signature="I7xO44Gc%2FosHqt2n5MzNgfSYL%2Bk%3D"',
  'Content-Type' => 'Content-Type: application/x-www-form-urlencoded',
  'Host' => 'Host: openapi.etsy.com',
  'Connection' => 'Connection: close',
)
return: 'login_url=https%3A%2F%2Fwww.etsy.com%2Foauth%2Fsignin%3Foauth_consumer_key%3Dykihtvlafl8fenj3di84hmtg%26oauth_token%3D7e1027a502d316b75afb2175accb50%26service%3Dv2_prod&oauth_token=7e1027a502d316b75afb2175accb50&oauth_token_secret=7be1294cdb&oauth_callback_confirmed=true&oauth_consumer_key=ykihtvlafl8fenj3di84hmtg&oauth_callback=http%3A%2F%2Fdev.demo.com%2Fphp%2Fuserlogin.php%3Fgo%3Dgo'

2018-06-21 15:26:17
request: POST https://openapi.etsy.com/v2/oauth/request_token
array (
  'Authorization' => 'Authorization: OAuth oauth_callback="http%3A%2F%2Fdev.demo.com%2Fphp%2Fuserlogin.php%3Fgo%3Dgo", oauth_consumer_key="q7teqakic2d6sjpwr9c6", oauth_nonce="dNtMvL2Ha2YjHSiJo7waiOMkJhWPD62i", oauth_signature_method="HMAC-SHA1", oauth_timestamp="1529565975", oauth_version="1.0", oauth_signature="75Igxdb70TYfMfJslfbJNyKQTe4%3D"',
  'Content-Type' => 'Content-Type: application/x-www-form-urlencoded',
  'Host' => 'Host: openapi.etsy.com',
  'Connection' => 'Connection: close',
)
return: 'oauth_problem=consumer_key_unknown'

2018-06-21 15:30:57
request: POST https://openapi.etsy.com/v2/oauth/request_token
array (
  'Authorization' => 'Authorization: OAuth oauth_callback="http%3A%2F%2Fdev.demo.com%2Fphp%2Fuserlogin.php%3Fgo%3Dgo", oauth_consumer_key="ykihtvlafl8fenj3di84hmtg", oauth_nonce="LjPmwyS58hM7TeJ7yACE0nmix6TR7HpE", oauth_signature_method="HMAC-SHA1", oauth_timestamp="1529566255", oauth_version="1.0", oauth_signature="6U0hHEAkwwZCu0Wbz89HGKSWZu8%3D"',
  'Content-Type' => 'Content-Type: application/x-www-form-urlencoded',
  'Host' => 'Host: openapi.etsy.com',
  'Connection' => 'Connection: close',
)
return: 'login_url=https%3A%2F%2Fwww.etsy.com%2Foauth%2Fsignin%3Foauth_consumer_key%3Dykihtvlafl8fenj3di84hmtg%26oauth_token%3Dc24d73a4bf3c4cbc432e98f6f3f730%26service%3Dv2_prod&oauth_token=c24d73a4bf3c4cbc432e98f6f3f730&oauth_token_secret=5c50487e6d&oauth_callback_confirmed=true&oauth_consumer_key=ykihtvlafl8fenj3di84hmtg&oauth_callback=http%3A%2F%2Fdev.demo.com%2Fphp%2Fuserlogin.php%3Fgo%3Dgo'

2018-06-21 15:32:35
request: POST https://openapi.etsy.com/v2/oauth/request_token
array (
  'Authorization' => 'Authorization: OAuth oauth_callback="http%3A%2F%2Fdev.demo.com%2Fphp%2Fuserlogin.php%3Fgo%3Dgo", oauth_consumer_key="q7teqakic2d6sjpwr9c6dsar", oauth_nonce="xkiVvBtSSSrJjDOhdRwcp5JIKxnO8xwF", oauth_signature_method="HMAC-SHA1", oauth_timestamp="1529566354", oauth_version="1.0", oauth_signature="0NpVr40dZSHi%2Fm6t7RpQnjp22Z4%3D"',
  'Content-Type' => 'Content-Type: application/x-www-form-urlencoded',
  'Host' => 'Host: openapi.etsy.com',
  'Connection' => 'Connection: close',
)
return: 'login_url=https%3A%2F%2Fwww.etsy.com%2Foauth%2Fsignin%3Foauth_consumer_key%3Dq7teqakic2d6sjpwr9c6dsar%26oauth_token%3D997b021f5e729b6714a86580266b9f%26service%3Dv2_prod&oauth_token=997b021f5e729b6714a86580266b9f&oauth_token_secret=a28490152b&oauth_callback_confirmed=true&oauth_consumer_key=q7teqakic2d6sjpwr9c6dsar&oauth_callback=http%3A%2F%2Fdev.demo.com%2Fphp%2Fuserlogin.php%3Fgo%3Dgo'

2018-06-21 15:34:30
request: POST https://openapi.etsy.com/v2/oauth/access_token
array (
  'Authorization' => 'Authorization: OAuth oauth_consumer_key="q7teqakic2d6sjpwr9c6dsar", oauth_nonce="S5mifR7rFkFlLWaxMXpv0Q83aqjgiYtf", oauth_signature_method="HMAC-SHA1", oauth_timestamp="1529566468", oauth_version="1.0", oauth_token="997b021f5e729b6714a86580266b9f", oauth_signature="x8%2FYb1%2BXUAd8TI%2FuOl%2B5Ao6I67Y%3D"',
  'Content-Type' => 'Content-Type: application/x-www-form-urlencoded',
  'Host' => 'Host: openapi.etsy.com',
  'Connection' => 'Connection: close',
)
body: oauth_verifier=85cc37c9
return: 'oauth_token=92242df3e6d301fca8f3b7978dd6b0&oauth_token_secret=de8e80e723'

2018-06-21 15:34:31
request: GET https://openapi.etsy.com/v2/private/users/__SELF__
array (
  'Authorization' => 'Authorization: OAuth oauth_consumer_key="q7teqakic2d6sjpwr9c6dsar", oauth_nonce="fkU88lYoTFyTH4nrOpR78KH3M5YwWqfC", oauth_signature_method="HMAC-SHA1", oauth_timestamp="1529566470", oauth_version="1.0", oauth_token="92242df3e6d301fca8f3b7978dd6b0", oauth_signature="CW2PfXuB%2BXiFLnvIJeFqlElfVCk%3D"',
  'Host' => 'Host: openapi.etsy.com',
  'Connection' => 'Connection: close',
)
return: '{"count":1,"results":[{"user_id":63697032,"login_name":"MascotMaster","primary_email":"MascotMaster@yahoo.com","creation_tsz":1427202794,"user_pub_key":{"key":"-----BEGIN PUBLIC KEY-----\\nMIICIjANBgkqhkiG9w0BAQEFAAOCAg8AMIICCgKCAgEAw6x8GlLkmcSXeAzA4Dpv\\n+LEd+5q2weNP4nol+nAeB8Z6+e6wzBa37ttyvjZJcttKK3Q9vKu1zQhsBnTH4Xfy\\nnCRglhsJ1\\/22kqBV\\/wfVWhIi5v8gcRLBqA7hXwdgQVVY65T4s6bHQYaRiJtm3yYY\\n63qKCtwFwSk5YqvXeMTbpL2Su6w5GCnmko\\/zfqoi9tr86KZGkCHh16nxwE4787pF\\nNPEx9bEUsiAIw6cLGYelqukuNDWhxA71WR6s0YesBPb5s0VPI8QhHL15ps5rCNC2\\nU7GscYPwISoCf+YDQ5NSPKYP7PLStq9iu\\/bVuZZfdB+xT85gOdgkdyyxDM\\/wHZEC\\nHqokB6eoe8pq4ewygBCGfTV4DRLPnx91U3EdDfcIGCMKIurq5nPh1K9onUGgvJrP\\nsjFUNWlpHcmdP9UXy1hy9U\\/xw8ovOmzVUubnmqr8sI3O9XnJM9V86pVdjfh3GJR7\\n1ini6GBmkzdb1VrGa2JI0AWjxa6d8u9enlrqVFhVl4bnS75+hYf9EducEtyrtfiG\\n8qJFepdqEDD3FNozEKCTefVPrscN8qTWahkRvjO53EAuEUjJ\\/GtlsvI6YA+3r0F1\\nojF\\/qvgJNFVZyU98BL7Jv\\/hgPc8TDlO+ZNcf2PPdhbHlvm63aEbE5WJRE7a3JqgJ\\nerCiLpHsb4MfwyHV9+DmI5ECAwEAAQ==\\n-----END PUBLIC KEY-----\\n","key_id":22631526383},"referred_by_user_id":null,"feedback_info":{"count":0,"score":null},"awaiting_feedback_count":0,"use_new_inventory_endpoints":true}],"params":{"user_id":"__SELF__"},"type":"User","pagination":{}}'

2018-06-21 15:34:32
request: GET https://openapi.etsy.com/v2/oauth/scopes
array (
  'Authorization' => 'Authorization: OAuth oauth_consumer_key="q7teqakic2d6sjpwr9c6dsar", oauth_nonce="jrdKd9eD8uB5dTUQ3kSgIRyKJi6GYlOg", oauth_signature_method="HMAC-SHA1", oauth_timestamp="1529566471", oauth_version="1.0", oauth_token="92242df3e6d301fca8f3b7978dd6b0", oauth_signature="zp96XZPvYKRjwce55Japa%2B5%2FFk8%3D"',
  'Host' => 'Host: openapi.etsy.com',
  'Connection' => 'Connection: close',
)
return: '{"count":18,"results":["email_r","listings_r","listings_w","listings_d","transactions_r","transactions_w","billing_r","profile_r","profile_w","address_r","address_w","favorites_rw","shops_rw","cart_rw","recommend_rw","feedback_r","treasury_r","treasury_w"],"params":null,"type":"ArrayString","pagination":{}}'

2018-06-21 15:34:42
request: GET https://openapi.etsy.com/v2/users/63697032/shops
array (
  'Authorization' => 'Authorization: OAuth oauth_consumer_key="q7teqakic2d6sjpwr9c6dsar", oauth_nonce="RfXofgRl4ULn6r9QkjQ4YeEuiuNEYcYV", oauth_signature_method="HMAC-SHA1", oauth_timestamp="1529566480", oauth_version="1.0", oauth_token="92242df3e6d301fca8f3b7978dd6b0", oauth_signature="DRCD0Cx5NQ9UVqw2H6mFD3U4m0g%3D"',
  'Host' => 'Host: openapi.etsy.com',
  'Connection' => 'Connection: close',
)
return: '{"count":1,"results":[{"shop_id":10900038,"shop_name":"LJWCraft","first_line":null,"second_line":null,"city":"","state":"","zip":null,"country_id":null,"user_id":63697032,"creation_tsz":1427204948,"title":null,"announcement":null,"currency_code":"USD","is_vacation":false,"vacation_message":null,"sale_message":null,"digital_sale_message":null,"last_updated_tsz":1528959360,"listing_active_count":6,"digital_listing_count":0,"login_name":"MascotMaster","lat":0,"lon":0,"accepts_custom_requests":false,"policy_welcome":null,"policy_payment":null,"policy_shipping":null,"policy_refunds":null,"policy_additional":null,"policy_seller_info":null,"policy_updated_tsz":0,"policy_has_private_receipt_info":false,"vacation_autoreply":null,"ga_code":"","name":null,"url":"https:\\/\\/www.etsy.com\\/shop\\/LJWCraft?utm_source=ljwcraftorder&utm_medium=api&utm_campaign=api","image_url_760x100":null,"num_favorers":12,"languages":["en-US"],"upcoming_local_event_id":null,"icon_url_fullxfull":null,"is_using_structured_policies":false,"has_onboarded_structured_policies":false,"has_unstructured_policies":false,"include_dispute_form_link":false,"use_new_inventory_endpoints":true,"is_direct_checkout_onboarded":false,"is_wholesale_only":false,"policy_privacy":null,"is_calculated_eligible":false}],"params":{"user_id":"63697032","limit":25,"offset":0,"page":null},"type":"Shop","pagination":{"effective_limit":25,"effective_offset":0,"next_offset":null,"effective_page":1,"next_page":null}}'

2018-06-21 15:34:49
request: GET https://openapi.etsy.com/v2/shops/10900038/receipts
array (
  'Authorization' => 'Authorization: OAuth oauth_consumer_key="q7teqakic2d6sjpwr9c6dsar", oauth_nonce="Q9gYCQPYyyk7IElSIwyjD1SSWyB6ctsG", oauth_signature_method="HMAC-SHA1", oauth_timestamp="1529566487", oauth_version="1.0", oauth_token="92242df3e6d301fca8f3b7978dd6b0", oauth_signature="lFXVCLGDEET5h8y00we2qGiTLKo%3D"',
  'Host' => 'Host: openapi.etsy.com',
  'Connection' => 'Connection: close',
)
return: '{"count":0,"results":[],"params":{"shop_id":"10900038","min_created":null,"max_created":null,"min_last_modified":null,"max_last_modified":null,"limit":25,"offset":0,"page":null,"was_paid":null,"was_shipped":null},"type":"Receipt","pagination":{"effective_limit":25,"effective_offset":0,"next_offset":null,"effective_page":1,"next_page":null}}'

